# JRE version: Java(TM) SE Runtime Environment (8.0_65-b17) (build 1.8.0_65-b17)
# Java VM: Java HotSpot(TM) 64-Bit Server VM (25.65-b01 mixed mode windows-amd64 compressed oops)
Heap:
 PSYoungGen      total 106496K, used 45621K [0x000000076ab00000, 0x0000000771b00000, 0x00000007c0000000)
  eden space 98304K, 38% used [0x000000076ab00000,0x000000076cf91800,0x0000000770b00000)
  from space 8192K, 99% used [0x0000000771300000,0x0000000771afbce0,0x0000000771b00000)
  to   space 8192K, 0% used [0x0000000770b00000,0x0000000770b00000,0x0000000771300000)
 ParOldGen       total 131072K, used 8244K [0x00000006c0000000, 0x00000006c8000000, 0x000000076ab00000)
  object space 131072K, 6% used [0x00000006c0000000,0x00000006c080d1e8,0x00000006c8000000)
 Metaspace       used 6071K, capacity 7088K, committed 7296K, reserved 1056768K
  class space    used 589K, capacity 616K, committed 640K, reserved 1048576K
GC Heap History (4 events):
Event: 1.005 GC heap before
{Heap before GC invocations=1 (full 0):
 PSYoungGen      total 57344K, used 49152K [0x000000076ab00000, 0x000000076eb00000, 0x00000007c0000000)
  eden space 49152K, 100% used [0x000000076ab00000,0x000000076db00000,0x000000076db00000)
  from space 8192K, 0% used [0x000000076e300000,0x000000076e300000,0x000000076eb00000)
  to   space 8192K, 0% used [0x000000076db00000,0x000000076db00000,0x000000076e300000)
 ParOldGen       total 131072K, used 0K [0x00000006c0000000, 0x00000006c8000000, 0x000000076ab00000)
  object space 131072K, 0% used [0x00000006c0000000,0x00000006c0000000,0x00000006c8000000)
 Metaspace       used 5910K, capacity 6960K, committed 7040K, reserved 1056768K
  class space    used 588K, capacity 616K, committed 640K, reserved 1048576K
Event: 1.041 GC heap after
Heap after GC invocations=1 (full 0):
 PSYoungGen      total 57344K, used 8187K [0x000000076ab00000, 0x0000000771b00000, 0x00000007c0000000)
  eden space 49152K, 0% used [0x000000076ab00000,0x000000076ab00000,0x000000076db00000)
  from space 8192K, 99% used [0x000000076db00000,0x000000076e2fee48,0x000000076e300000)
  to   space 8192K, 0% used [0x0000000771300000,0x0000000771300000,0x0000000771b00000)
 ParOldGen       total 131072K, used 930K [0x00000006c0000000, 0x00000006c8000000, 0x000000076ab00000)
  object space 131072K, 0% used [0x00000006c0000000,0x00000006c00e8bc8,0x00000006c8000000)
 Metaspace       used 5910K, capacity 6960K, committed 7040K, reserved 1056768K
  class space    used 588K, capacity 616K, committed 640K, reserved 1048576K
}
Event: 1.311 GC heap before
{Heap before GC invocations=2 (full 0):
 PSYoungGen      total 57344K, used 57339K [0x000000076ab00000, 0x0000000771b00000, 0x00000007c0000000)
  eden space 49152K, 100% used [0x000000076ab00000,0x000000076db00000,0x000000076db00000)
  from space 8192K, 99% used [0x000000076db00000,0x000000076e2fee48,0x000000076e300000)
  to   space 8192K, 0% used [0x0000000771300000,0x0000000771300000,0x0000000771b00000)
 ParOldGen       total 131072K, used 930K [0x00000006c0000000, 0x00000006c8000000, 0x000000076ab00000)
  object space 131072K, 0% used [0x00000006c0000000,0x00000006c00e8bc8,0x00000006c8000000)
 Metaspace       used 6034K, capacity 7024K, committed 7296K, reserved 1056768K
  class space    used 589K, capacity 616K, committed 640K, reserved 1048576K
Event: 1.328 GC heap after
Heap after GC invocations=2 (full 0):
 PSYoungGen      total 106496K, used 8175K [0x000000076ab00000, 0x0000000771b00000, 0x00000007c0000000)
  eden space 98304K, 0% used [0x000000076ab00000,0x000000076ab00000,0x0000000770b00000)
  from space 8192K, 99% used [0x0000000771300000,0x0000000771afbce0,0x0000000771b00000)
  to   space 8192K, 0% used [0x0000000770b00000,0x0000000770b00000,0x0000000771300000)
 ParOldGen       total 131072K, used 8244K [0x00000006c0000000, 0x00000006c8000000, 0x000000076ab00000)
  object space 131072K, 6% used [0x00000006c0000000,0x00000006c080d1e8,0x00000006c8000000)
 Metaspace       used 6034K, capacity 7024K, committed 7296K, reserved 1056768K
  class space    used 589K, capacity 616K, committed 640K, reserved 1048576K
}

